# JRE version: OpenJDK Runtime Environment (8.0_262-b10) (build 1.8.0_262-internal-b10)
# Java VM: OpenJDK 64-Bit Server VM (25.262-b10 mixed mode bsd-amd64 compressed oops)
Heap:
 PSYoungGen      total 599040K, used 57818K [0x000000076ab00000, 0x0000000791a80000, 0x00000007c0000000)
  eden space 570880K, 6% used [0x000000076ab00000,0x000000076ccb3c60,0x000000078d880000)
  from space 28160K, 82% used [0x000000078ff00000,0x00000007915c2bc0,0x0000000791a80000)
  to   space 33792K, 0% used [0x000000078d880000,0x000000078d880000,0x000000078f980000)
 ParOldGen       total 378368K, used 133308K [0x00000006c0000000, 0x00000006d7180000, 0x000000076ab00000)
  object space 378368K, 35% used [0x00000006c0000000,0x00000006c822f3b8,0x00000006d7180000)
 Metaspace       used 85049K, capacity 85998K, committed 86272K, reserved 1126400K
  class space    used 8708K, capacity 8947K, committed 8960K, reserved 1048576K
GC Heap History (10 events):
Event: 8.183 GC heap before
{Heap before GC invocations=11 (full 2):
 PSYoungGen      total 361472K, used 360971K [0x000000076ab00000, 0x0000000785880000, 0x00000007c0000000)
  eden space 345088K, 100% used [0x000000076ab00000,0x000000077fc00000,0x000000077fc00000)
  from space 16384K, 96% used [0x0000000784880000,0x0000000785802da8,0x0000000785880000)
  to   space 38912K, 0% used [0x0000000780c80000,0x0000000780c80000,0x0000000783280000)
 ParOldGen       total 318976K, used 115012K [0x00000006c0000000, 0x00000006d3780000, 0x000000076ab00000)
  object space 318976K, 36% used [0x00000006c0000000,0x00000006c7051230,0x00000006d3780000)
 Metaspace       used 48546K, capacity 48832K, committed 49280K, reserved 1093632K
  class space    used 5049K, capacity 5150K, committed 5248K, reserved 1048576K
Event: 8.203 GC heap after
Heap after GC invocations=11 (full 2):
 PSYoungGen      total 400896K, used 15763K [0x000000076ab00000, 0x000000078ab00000, 0x00000007c0000000)
  eden space 361984K, 0% used [0x000000076ab00000,0x000000076ab00000,0x0000000780c80000)
  from space 38912K, 40% used [0x0000000780c80000,0x0000000781be4fc0,0x0000000783280000)
  to   space 36352K, 0% used [0x0000000788780000,0x0000000788780000,0x000000078ab00000)
 ParOldGen       total 318976K, used 120872K [0x00000006c0000000, 0x00000006d3780000, 0x000000076ab00000)
  object space 318976K, 37% used [0x00000006c0000000,0x00000006c760a268,0x00000006d3780000)
 Metaspace       used 48546K, capacity 48832K, committed 49280K, reserved 1093632K
  class space    used 5049K, capacity 5150K, committed 5248K, reserved 1048576K
}
Event: 9.803 GC heap before
{Heap before GC invocations=12 (full 2):
 PSYoungGen      total 400896K, used 301363K [0x000000076ab00000, 0x000000078ab00000, 0x00000007c0000000)
  eden space 361984K, 78% used [0x000000076ab00000,0x000000077c1e7c60,0x0000000780c80000)
  from space 38912K, 40% used [0x0000000780c80000,0x0000000781be4fc0,0x0000000783280000)
  to   space 36352K, 0% used [0x0000000788780000,0x0000000788780000,0x000000078ab00000)
 ParOldGen       total 318976K, used 120872K [0x00000006c0000000, 0x00000006d3780000, 0x000000076ab00000)
  object space 318976K, 37% used [0x00000006c0000000,0x00000006c760a268,0x00000006d3780000)
 Metaspace       used 56927K, capacity 57194K, committed 57600K, reserved 1101824K
  class space    used 5832K, capacity 5927K, committed 6016K, reserved 1048576K
Event: 9.839 GC heap after
Heap after GC invocations=12 (full 2):
 PSYoungGen      total 489984K, used 14270K [0x000000076ab00000, 0x000000078ba80000, 0x00000007c0000000)
  eden space 453632K, 0% used [0x000000076ab00000,0x000000076ab00000,0x0000000786600000)
  from space 36352K, 39% used [0x0000000788780000,0x000000078956f8e8,0x000000078ab00000)
  to   space 34304K, 0% used [0x0000000786600000,0x0000000786600000,0x0000000788780000)
 ParOldGen       total 318976K, used 123167K [0x00000006c0000000, 0x00000006d3780000, 0x000000076ab00000)
  object space 318976K, 38% used [0x00000006c0000000,0x00000006c7847f10,0x00000006d3780000)
 Metaspace       used 56927K, capacity 57194K, committed 57600K, reserved 1101824K
  class space    used 5832K, capacity 5927K, committed 6016K, reserved 1048576K
}
Event: 9.839 GC heap before
{Heap before GC invocations=13 (full 3):
 PSYoungGen      total 489984K, used 14270K [0x000000076ab00000, 0x000000078ba80000, 0x00000007c0000000)
  eden space 453632K, 0% used [0x000000076ab00000,0x000000076ab00000,0x0000000786600000)
  from space 36352K, 39% used [0x0000000788780000,0x000000078956f8e8,0x000000078ab00000)
  to   space 34304K, 0% used [0x0000000786600000,0x0000000786600000,0x0000000788780000)
 ParOldGen       total 318976K, used 123167K [0x00000006c0000000, 0x00000006d3780000, 0x000000076ab00000)
  object space 318976K, 38% used [0x00000006c0000000,0x00000006c7847f10,0x00000006d3780000)
 Metaspace       used 56927K, capacity 57194K, committed 57600K, reserved 1101824K
  class space    used 5832K, capacity 5927K, committed 6016K, reserved 1048576K
Event: 9.957 GC heap after
Heap after GC invocations=13 (full 3):
 PSYoungGen      total 489984K, used 0K [0x000000076ab00000, 0x000000078ba80000, 0x00000007c0000000)
  eden space 453632K, 0% used [0x000000076ab00000,0x000000076ab00000,0x0000000786600000)
  from space 36352K, 0% used [0x0000000788780000,0x0000000788780000,0x000000078ab00000)
  to   space 34304K, 0% used [0x0000000786600000,0x0000000786600000,0x0000000788780000)
 ParOldGen       total 378368K, used 133228K [0x00000006c0000000, 0x00000006d7180000, 0x000000076ab00000)
  object space 378368K, 35% used [0x00000006c0000000,0x00000006c821b3a8,0x00000006d7180000)
 Metaspace       used 56927K, capacity 57194K, committed 57600K, reserved 1101824K
  class space    used 5832K, capacity 5927K, committed 6016K, reserved 1048576K
}
Event: 11.090 GC heap before
{Heap before GC invocations=14 (full 3):
 PSYoungGen      total 489984K, used 453632K [0x000000076ab00000, 0x000000078ba80000, 0x00000007c0000000)
  eden space 453632K, 100% used [0x000000076ab00000,0x0000000786600000,0x0000000786600000)
  from space 36352K, 0% used [0x0000000788780000,0x0000000788780000,0x000000078ab00000)
  to   space 34304K, 0% used [0x0000000786600000,0x0000000786600000,0x0000000788780000)
 ParOldGen       total 378368K, used 133228K [0x00000006c0000000, 0x00000006d7180000, 0x000000076ab00000)
  object space 378368K, 35% used [0x00000006c0000000,0x00000006c821b3a8,0x00000006d7180000)
 Metaspace       used 69985K, capacity 70382K, committed 71040K, reserved 1114112K
  class space    used 7051K, capacity 7181K, committed 7296K, reserved 1048576K
Event: 11.109 GC heap after
Heap after GC invocations=14 (full 3):
 PSYoungGen      total 487936K, used 15474K [0x000000076ab00000, 0x0000000791f00000, 0x00000007c0000000)
  eden space 453632K, 0% used [0x000000076ab00000,0x000000076ab00000,0x0000000786600000)
  from space 34304K, 45% used [0x0000000786600000,0x000000078751cbd0,0x0000000788780000)
  to   space 32768K, 0% used [0x000000078ff00000,0x000000078ff00000,0x0000000791f00000)
 ParOldGen       total 378368K, used 133236K [0x00000006c0000000, 0x00000006d7180000, 0x000000076ab00000)
  object space 378368K, 35% used [0x00000006c0000000,0x00000006c821d3a8,0x00000006d7180000)
 Metaspace       used 69985K, capacity 70382K, committed 71040K, reserved 1114112K
  class space    used 7051K, capacity 7181K, committed 7296K, reserved 1048576K
}
Event: 13.190 GC heap before
{Heap before GC invocations=15 (full 3):
 PSYoungGen      total 487936K, used 469106K [0x000000076ab00000, 0x0000000791f00000, 0x00000007c0000000)
  eden space 453632K, 100% used [0x000000076ab00000,0x0000000786600000,0x0000000786600000)
  from space 34304K, 45% used [0x0000000786600000,0x000000078751cbd0,0x0000000788780000)
  to   space 32768K, 0% used [0x000000078ff00000,0x000000078ff00000,0x0000000791f00000)
 ParOldGen       total 378368K, used 133236K [0x00000006c0000000, 0x00000006d7180000, 0x000000076ab00000)
  object space 378368K, 35% used [0x00000006c0000000,0x00000006c821d3a8,0x00000006d7180000)
 Metaspace       used 84063K, capacity 85000K, committed 85376K, reserved 1126400K
  class space    used 8599K, capacity 8832K, committed 8832K, reserved 1048576K
Event: 13.219 GC heap after
Heap after GC invocations=15 (full 3):
 PSYoungGen      total 599040K, used 23306K [0x000000076ab00000, 0x0000000791a80000, 0x00000007c0000000)
  eden space 570880K, 0% used [0x000000076ab00000,0x000000076ab00000,0x000000078d880000)
  from space 28160K, 82% used [0x000000078ff00000,0x00000007915c2bc0,0x0000000791a80000)
  to   space 33792K, 0% used [0x000000078d880000,0x000000078d880000,0x000000078f980000)
 ParOldGen       total 378368K, used 133308K [0x00000006c0000000, 0x00000006d7180000, 0x000000076ab00000)
  object space 378368K, 35% used [0x00000006c0000000,0x00000006c822f3b8,0x00000006d7180000)
 Metaspace       used 84063K, capacity 85000K, committed 85376K, reserved 1126400K
  class space    used 8599K, capacity 8832K, committed 8832K, reserved 1048576K
}

